[1551847764, Wed, March 6, 2019, 10:19:24 AM, ::1, Mozilla/5.0 (Windows NT 10.0; Win64; x64) AppleWebKit/537.36 (KHTML, like Gecko) Chrome/72.0.3626.121 Safari/537.36] === BLOB/TEXT column 'uimage' can't have a default value with query CREATE TABLE IF NOT EXISTS `users` (
  `uid`         	bigint(20) 			NOT NULL AUTO_INCREMENT,
  `uact` 			int(1) 				NOT NULL DEFAULT '1',
  `fname`     		varchar(20)   		NOT NULL,
  `lname`  			varchar(30)  		NOT NULL,
  `login_id`  		varchar(60)  		NOT NULL,
  `upwd`        	varchar(220)  		NOT NULL,
  
  `utype`     		varchar(50)   		NOT NULL,
  `utime`     		varchar(50)   		NOT NULL,
  `udate`     		varchar(100)   		NOT NULL,
  `uip`     		varchar(200)   		NOT NULL,
  `ubra`     		text	   			NOT NULL,

  `uimage`     		text	   			NOT NULL DEFAULT '0',
  
  `ulocation`     	text	   			NULL,
  `ugender`     	varchar(10) 	   	NOT NULL DEFAULT '1',
    
  PRIMARY KEY (`uid`),
  UNIQUE KEY login_id (login_id)
) ENGINE=MyISAM DEFAULT CHARSET=utf8 AUTO_INCREMENT=4;
[1551847142, Wed, March 6, 2019, 10:09:02 AM, ::1, Mozilla/5.0 (Windows NT 10.0; Win64; x64) AppleWebKit/537.36 (KHTML, like Gecko) Chrome/72.0.3626.121 Safari/537.36] === Table 'docere.users' doesn't exist with query SELECT * FROM users  WHERE  login_id='' and uact='0'  
[1551847142, Wed, March 6, 2019, 10:09:02 AM, ::1, Mozilla/5.0 (Windows NT 10.0; Win64; x64) AppleWebKit/537.36 (KHTML, like Gecko) Chrome/72.0.3626.121 Safari/537.36] === Table 'docere.users' doesn't exist with query SELECT * FROM users  WHERE  login_id='' and uact='2'  
[1551847142, Wed, March 6, 2019, 10:09:02 AM, ::1, Mozilla/5.0 (Windows NT 10.0; Win64; x64) AppleWebKit/537.36 (KHTML, like Gecko) Chrome/72.0.3626.121 Safari/537.36] === Table 'docere.users' doesn't exist with query SELECT * FROM users  WHERE  login_id=''  
[1551783467, Tue, March 5, 2019, 4:27:47 PM, ::1, Mozilla/5.0 (Windows NT 10.0; Win64; x64) AppleWebKit/537.36 (KHTML, like Gecko) Chrome/72.0.3626.121 Safari/537.36] === Table 'docere.doctors' doesn't exist with query SELECT D.*,U.* FROM doctors D,users U  WHERE  D.doc_type='Skin Specialist'	 AND U.uid=D.doc_uid		
[1551782636, Tue, March 5, 2019, 4:13:56 PM, ::1, Mozilla/5.0 (Windows NT 10.0; Win64; x64) AppleWebKit/537.36 (KHTML, like Gecko) Chrome/72.0.3626.121 Safari/537.36] === Table 'docere.users' doesn't exist with query SELECT * FROM users  WHERE  login_id='' and uact='0'  
[1551782636, Tue, March 5, 2019, 4:13:56 PM, ::1, Mozilla/5.0 (Windows NT 10.0; Win64; x64) AppleWebKit/537.36 (KHTML, like Gecko) Chrome/72.0.3626.121 Safari/537.36] === Table 'docere.users' doesn't exist with query SELECT * FROM users  WHERE  login_id='' and uact='2'  
[1551782636, Tue, March 5, 2019, 4:13:56 PM, ::1, Mozilla/5.0 (Windows NT 10.0; Win64; x64) AppleWebKit/537.36 (KHTML, like Gecko) Chrome/72.0.3626.121 Safari/537.36] === Table 'docere.users' doesn't exist with query SELECT * FROM users  WHERE  login_id=''  
[1551782631, Tue, March 5, 2019, 4:13:51 PM, ::1, Mozilla/5.0 (Windows NT 10.0; Win64; x64) AppleWebKit/537.36 (KHTML, like Gecko) Chrome/72.0.3626.121 Safari/537.36] === Table 'docere.users' doesn't exist with query SELECT login_id FROM users  WHERE login_id=''   
[1551781810, Tue, March 5, 2019, 4:00:10 PM, ::1, Mozilla/5.0 (Windows NT 10.0; Win64; x64) AppleWebKit/537.36 (KHTML, like Gecko) Chrome/72.0.3626.121 Safari/537.36] === Table 'docere.users' doesn't exist with query SELECT login_id FROM users  WHERE login_id=''   
[1551781556, Tue, March 5, 2019, 3:55:56 PM, ::1, Mozilla/5.0 (Windows NT 10.0; Win64; x64) AppleWebKit/537.36 (KHTML, like Gecko) Chrome/72.0.3626.121 Safari/537.36] === Table 'docere.users' doesn't exist with query SELECT login_id FROM users  WHERE login_id=''   
[1551781554, Tue, March 5, 2019, 3:55:54 PM, ::1, Mozilla/5.0 (Windows NT 10.0; Win64; x64) AppleWebKit/537.36 (KHTML, like Gecko) Chrome/72.0.3626.121 Safari/537.36] === Table 'docere.users' doesn't exist with query SELECT * FROM users  WHERE  login_id='' and uact='0'  
[1551781554, Tue, March 5, 2019, 3:55:54 PM, ::1, Mozilla/5.0 (Windows NT 10.0; Win64; x64) AppleWebKit/537.36 (KHTML, like Gecko) Chrome/72.0.3626.121 Safari/537.36] === Table 'docere.users' doesn't exist with query SELECT * FROM users  WHERE  login_id='' and uact='2'  
[1551781554, Tue, March 5, 2019, 3:55:54 PM, ::1, Mozilla/5.0 (Windows NT 10.0; Win64; x64) AppleWebKit/537.36 (KHTML, like Gecko) Chrome/72.0.3626.121 Safari/537.36] === Table 'docere.users' doesn't exist with query SELECT * FROM users  WHERE  login_id=''  
[1551778785, Tue, March 5, 2019, 3:09:45 PM, ::1, Mozilla/5.0 (Windows NT 10.0; Win64; x64) AppleWebKit/537.36 (KHTML, like Gecko) Chrome/72.0.3626.121 Safari/537.36] === Table 'docere.doctors' doesn't exist with query SELECT D.*,U.* FROM doctors D,users U  WHERE  D.doc_type='Plastic Surgeon'	 AND U.uid=D.doc_uid		
[1551778158, Tue, March 5, 2019, 2:59:18 PM, ::1, Mozilla/5.0 (Windows NT 10.0; Win64; x64) AppleWebKit/537.36 (KHTML, like Gecko) Chrome/72.0.3626.121 Safari/537.36] === Table 'docere.users' doesn't exist with query SELECT login_id FROM users  WHERE login_id=''   
[1551778157, Tue, March 5, 2019, 2:59:17 PM, ::1, Mozilla/5.0 (Windows NT 10.0; Win64; x64) AppleWebKit/537.36 (KHTML, like Gecko) Chrome/72.0.3626.121 Safari/537.36] === Table 'docere.users' doesn't exist with query SELECT login_id FROM users  WHERE login_id=''   
[1551777439, Tue, March 5, 2019, 2:47:19 PM, ::1, Mozilla/5.0 (Windows NT 10.0; Win64; x64) AppleWebKit/537.36 (KHTML, like Gecko) Chrome/72.0.3626.121 Safari/537.36] === Table 'docere.doctors' doesn't exist with query SELECT D.*,U.* FROM doctors D,users U  WHERE  D.doc_type='Cardiologist'	 AND U.uid=D.doc_uid		
[1551777439, Tue, March 5, 2019, 2:47:19 PM, ::1, Mozilla/5.0 (Windows NT 10.0; Win64; x64) AppleWebKit/537.36 (KHTML, like Gecko) Chrome/72.0.3626.121 Safari/537.36] === Table 'docere.doctors' doesn't exist with query SELECT D.*,U.* FROM doctors D,users U  WHERE  D.doc_type='Cardiologist'	 AND U.uid=D.doc_uid		
[1551777439, Tue, March 5, 2019, 2:47:19 PM, ::1, Mozilla/5.0 (Windows NT 10.0; Win64; x64) AppleWebKit/537.36 (KHTML, like Gecko) Chrome/72.0.3626.121 Safari/537.36] === Table 'docere.doctors' doesn't exist with query SELECT D.*,U.* FROM doctors D,users U  WHERE  D.doc_type='Cardiologist'	 AND U.uid=D.doc_uid		
[1551777439, Tue, March 5, 2019, 2:47:19 PM, ::1, Mozilla/5.0 (Windows NT 10.0; Win64; x64) AppleWebKit/537.36 (KHTML, like Gecko) Chrome/72.0.3626.121 Safari/537.36] === Table 'docere.doctors' doesn't exist with query SELECT D.*,U.* FROM doctors D,users U  WHERE  D.doc_type='Cardiologist'	 AND U.uid=D.doc_uid		
[1551777438, Tue, March 5, 2019, 2:47:18 PM, ::1, Mozilla/5.0 (Windows NT 10.0; Win64; x64) AppleWebKit/537.36 (KHTML, like Gecko) Chrome/72.0.3626.121 Safari/537.36] === Table 'docere.doctors' doesn't exist with query SELECT D.*,U.* FROM doctors D,users U  WHERE  D.doc_type='Cardiologist'	 AND U.uid=D.doc_uid		
[1551777438, Tue, March 5, 2019, 2:47:18 PM, ::1, Mozilla/5.0 (Windows NT 10.0; Win64; x64) AppleWebKit/537.36 (KHTML, like Gecko) Chrome/72.0.3626.121 Safari/537.36] === Table 'docere.doctors' doesn't exist with query SELECT D.*,U.* FROM doctors D,users U  WHERE  D.doc_type='Cardiologist'	 AND U.uid=D.doc_uid		
[1551777438, Tue, March 5, 2019, 2:47:18 PM, ::1, Mozilla/5.0 (Windows NT 10.0; Win64; x64) AppleWebKit/537.36 (KHTML, like Gecko) Chrome/72.0.3626.121 Safari/537.36] === Table 'docere.doctors' doesn't exist with query SELECT D.*,U.* FROM doctors D,users U  WHERE  D.doc_type='Cardiologist'	 AND U.uid=D.doc_uid		
[1551777232, Tue, March 5, 2019, 2:43:52 PM, ::1, Mozilla/5.0 (Windows NT 10.0; Win64; x64) AppleWebKit/537.36 (KHTML, like Gecko) Chrome/72.0.3626.121 Safari/537.36] === Table 'docere.doctors' doesn't exist with query SELECT D.*,U.* FROM doctors D,users U  WHERE  D.doc_type='Neurologist'	 AND U.uid=D.doc_uid		
[1551776975, Tue, March 5, 2019, 2:39:35 PM, ::1, Mozilla/5.0 (Windows NT 10.0; Win64; x64) AppleWebKit/537.36 (KHTML, like Gecko) Chrome/72.0.3626.121 Safari/537.36] === Table 'docere.doctors' doesn't exist with query SELECT D.*,U.* FROM doctors D,users U  WHERE  D.doc_type='Cardiologist'	 AND U.uid=D.doc_uid		
[1551776975, Tue, March 5, 2019, 2:39:35 PM, ::1, Mozilla/5.0 (Windows NT 10.0; Win64; x64) AppleWebKit/537.36 (KHTML, like Gecko) Chrome/72.0.3626.121 Safari/537.36] === Table 'docere.doctors' doesn't exist with query SELECT D.*,U.* FROM doctors D,users U  WHERE  D.doc_type='Cardiologist'	 AND U.uid=D.doc_uid		
[1551776974, Tue, March 5, 2019, 2:39:34 PM, ::1, Mozilla/5.0 (Windows NT 10.0; Win64; x64) AppleWebKit/537.36 (KHTML, like Gecko) Chrome/72.0.3626.121 Safari/537.36] === Table 'docere.doctors' doesn't exist with query SELECT D.*,U.* FROM doctors D,users U  WHERE  D.doc_type='Cardiologist'	 AND U.uid=D.doc_uid		
[1551776974, Tue, March 5, 2019, 2:39:34 PM, ::1, Mozilla/5.0 (Windows NT 10.0; Win64; x64) AppleWebKit/537.36 (KHTML, like Gecko) Chrome/72.0.3626.121 Safari/537.36] === Table 'docere.doctors' doesn't exist with query SELECT D.*,U.* FROM doctors D,users U  WHERE  D.doc_type='Cardiologist'	 AND U.uid=D.doc_uid		
[1551776973, Tue, March 5, 2019, 2:39:33 PM, ::1, Mozilla/5.0 (Windows NT 10.0; Win64; x64) AppleWebKit/537.36 (KHTML, like Gecko) Chrome/72.0.3626.121 Safari/537.36] === Table 'docere.doctors' doesn't exist with query SELECT D.*,U.* FROM doctors D,users U  WHERE  D.doc_type='Cardiologist'	 AND U.uid=D.doc_uid		
[1551776854, Tue, March 5, 2019, 2:37:34 PM, ::1, Mozilla/5.0 (Windows NT 10.0; Win64; x64) AppleWebKit/537.36 (KHTML, like Gecko) Chrome/72.0.3626.121 Safari/537.36] === Table 'docere.doctors' doesn't exist with query SELECT D.*,U.* FROM doctors D,users U  WHERE  D.doc_type='General Surgeon'	 AND U.uid=D.doc_uid		
[1551776539, Tue, March 5, 2019, 2:32:19 PM, ::1, Mozilla/5.0 (Windows NT 10.0; Win64; x64) AppleWebKit/537.36 (KHTML, like Gecko) Chrome/72.0.3626.121 Safari/537.36] === Table 'docere.doctors' doesn't exist with query SELECT D.*,U.* FROM doctors D,users U  WHERE  D.doc_type='Neurologist'	 AND U.uid=D.doc_uid		
[1551776228, Tue, March 5, 2019, 2:27:08 PM, ::1, Mozilla/5.0 (Windows NT 10.0; Win64; x64) AppleWebKit/537.36 (KHTML, like Gecko) Chrome/72.0.3626.121 Safari/537.36] === Table 'docere.users' doesn't exist with query SELECT * FROM users  WHERE  login_id='' and uact='0'  
[1551776228, Tue, March 5, 2019, 2:27:08 PM, ::1, Mozilla/5.0 (Windows NT 10.0; Win64; x64) AppleWebKit/537.36 (KHTML, like Gecko) Chrome/72.0.3626.121 Safari/537.36] === Table 'docere.users' doesn't exist with query SELECT * FROM users  WHERE  login_id='' and uact='2'  
[1551776228, Tue, March 5, 2019, 2:27:08 PM, ::1, Mozilla/5.0 (Windows NT 10.0; Win64; x64) AppleWebKit/537.36 (KHTML, like Gecko) Chrome/72.0.3626.121 Safari/537.36] === Table 'docere.users' doesn't exist with query SELECT * FROM users  WHERE  login_id=''  
[1551776063, Tue, March 5, 2019, 2:24:23 PM, ::1, Mozilla/5.0 (Windows NT 10.0; Win64; x64) AppleWebKit/537.36 (KHTML, like Gecko) Chrome/72.0.3626.121 Safari/537.36] === Table 'docere.doctors' doesn't exist with query SELECT D.*,U.* FROM doctors D,users U  WHERE  D.doc_type='Neurologist'	 AND U.uid=D.doc_uid		
[1551776063, Tue, March 5, 2019, 2:24:23 PM, ::1, Mozilla/5.0 (Windows NT 10.0; Win64; x64) AppleWebKit/537.36 (KHTML, like Gecko) Chrome/72.0.3626.121 Safari/537.36] === Table 'docere.doctors' doesn't exist with query SELECT D.*,U.* FROM doctors D,users U  WHERE  D.doc_type='Neurologist'	 AND U.uid=D.doc_uid		
[1551776063, Tue, March 5, 2019, 2:24:23 PM, ::1, Mozilla/5.0 (Windows NT 10.0; Win64; x64) AppleWebKit/537.36 (KHTML, like Gecko) Chrome/72.0.3626.121 Safari/537.36] === Table 'docere.doctors' doesn't exist with query SELECT D.*,U.* FROM doctors D,users U  WHERE  D.doc_type='Neurologist'	 AND U.uid=D.doc_uid		
[1551776063, Tue, March 5, 2019, 2:24:23 PM, ::1, Mozilla/5.0 (Windows NT 10.0; Win64; x64) AppleWebKit/537.36 (KHTML, like Gecko) Chrome/72.0.3626.121 Safari/537.36] === Table 'docere.doctors' doesn't exist with query SELECT D.*,U.* FROM doctors D,users U  WHERE  D.doc_type='Neurologist'	 AND U.uid=D.doc_uid		
[1551776063, Tue, March 5, 2019, 2:24:23 PM, ::1, Mozilla/5.0 (Windows NT 10.0; Win64; x64) AppleWebKit/537.36 (KHTML, like Gecko) Chrome/72.0.3626.121 Safari/537.36] === Table 'docere.doctors' doesn't exist with query SELECT D.*,U.* FROM doctors D,users U  WHERE  D.doc_type='Neurologist'	 AND U.uid=D.doc_uid		
[1551776061, Tue, March 5, 2019, 2:24:21 PM, ::1, Mozilla/5.0 (Windows NT 10.0; Win64; x64) AppleWebKit/537.36 (KHTML, like Gecko) Chrome/72.0.3626.121 Safari/537.36] === Table 'docere.doctors' doesn't exist with query SELECT D.*,U.* FROM doctors D,users U  WHERE  D.doc_type='Gynecologist'	 AND U.uid=D.doc_uid		
[1551775931, Tue, March 5, 2019, 2:22:11 PM, ::1, Mozilla/5.0 (Windows NT 10.0; Win64; x64) AppleWebKit/537.36 (KHTML, like Gecko) Chrome/72.0.3626.121 Safari/537.36] === Table 'docere.doctors' doesn't exist with query SELECT D.*,U.* FROM doctors D,users U  WHERE  D.doc_type='Cardiologist'	 AND U.uid=D.doc_uid		
[1551775319, Tue, March 5, 2019, 2:11:59 PM, ::1, Mozilla/5.0 (Windows NT 10.0; Win64; x64) AppleWebKit/537.36 (KHTML, like Gecko) Chrome/72.0.3626.121 Safari/537.36] === Table 'docere.users' doesn't exist with query SELECT * FROM users  WHERE  login_id='' and uact='0'  
[1551775319, Tue, March 5, 2019, 2:11:59 PM, ::1, Mozilla/5.0 (Windows NT 10.0; Win64; x64) AppleWebKit/537.36 (KHTML, like Gecko) Chrome/72.0.3626.121 Safari/537.36] === Table 'docere.users' doesn't exist with query SELECT * FROM users  WHERE  login_id='' and uact='2'  
[1551775319, Tue, March 5, 2019, 2:11:59 PM, ::1, Mozilla/5.0 (Windows NT 10.0; Win64; x64) AppleWebKit/537.36 (KHTML, like Gecko) Chrome/72.0.3626.121 Safari/537.36] === Table 'docere.users' doesn't exist with query SELECT * FROM users  WHERE  login_id=''  
[1551775305, Tue, March 5, 2019, 2:11:45 PM, ::1, Mozilla/5.0 (Windows NT 10.0; Win64; x64) AppleWebKit/537.36 (KHTML, like Gecko) Chrome/72.0.3626.121 Safari/537.36] === Table 'docere.users' doesn't exist with query SELECT * FROM users  WHERE  login_id='' and uact='0'  
[1551775305, Tue, March 5, 2019, 2:11:45 PM, ::1, Mozilla/5.0 (Windows NT 10.0; Win64; x64) AppleWebKit/537.36 (KHTML, like Gecko) Chrome/72.0.3626.121 Safari/537.36] === Table 'docere.users' doesn't exist with query SELECT * FROM users  WHERE  login_id='' and uact='2'  
[1551775305, Tue, March 5, 2019, 2:11:45 PM, ::1, Mozilla/5.0 (Windows NT 10.0; Win64; x64) AppleWebKit/537.36 (KHTML, like Gecko) Chrome/72.0.3626.121 Safari/537.36] === Table 'docere.users' doesn't exist with query SELECT * FROM users  WHERE  login_id=''  
[1551775211, Tue, March 5, 2019, 2:10:11 PM, ::1, Mozilla/5.0 (Windows NT 10.0; Win64; x64) AppleWebKit/537.36 (KHTML, like Gecko) Chrome/72.0.3626.121 Safari/537.36] === Table 'docere.users' doesn't exist with query SELECT * FROM users  WHERE  login_id='' and uact='0'  
[1551775211, Tue, March 5, 2019, 2:10:11 PM, ::1, Mozilla/5.0 (Windows NT 10.0; Win64; x64) AppleWebKit/537.36 (KHTML, like Gecko) Chrome/72.0.3626.121 Safari/537.36] === Table 'docere.users' doesn't exist with query SELECT * FROM users  WHERE  login_id='' and uact='2'  
[1551775211, Tue, March 5, 2019, 2:10:11 PM, ::1, Mozilla/5.0 (Windows NT 10.0; Win64; x64) AppleWebKit/537.36 (KHTML, like Gecko) Chrome/72.0.3626.121 Safari/537.36] === Table 'docere.users' doesn't exist with query SELECT * FROM users  WHERE  login_id=''  
[1551774863, Tue, March 5, 2019, 2:04:23 PM, ::1, Mozilla/5.0 (Windows NT 10.0; Win64; x64) AppleWebKit/537.36 (KHTML, like Gecko) Chrome/72.0.3626.121 Safari/537.36] === Table 'docere.doctors' doesn't exist with query SELECT D.*,U.* FROM doctors D,users U  WHERE  D.doc_type='Oncologist'	 AND U.uid=D.doc_uid		
[1551774860, Tue, March 5, 2019, 2:04:20 PM, ::1, Mozilla/5.0 (Windows NT 10.0; Win64; x64) AppleWebKit/537.36 (KHTML, like Gecko) Chrome/72.0.3626.121 Safari/537.36] === Table 'docere.doctors' doesn't exist with query SELECT D.*,U.* FROM doctors D,users U  WHERE  D.doc_type='General Physician'	 AND U.uid=D.doc_uid		
[1551774633, Tue, March 5, 2019, 2:00:33 PM, ::1, Mozilla/5.0 (Windows NT 10.0; Win64; x64) AppleWebKit/537.36 (KHTML, like Gecko) Chrome/72.0.3626.121 Safari/537.36] === Table 'docere.users' doesn't exist with query SELECT * FROM users  WHERE  login_id='' and uact='0'  
[1551774633, Tue, March 5, 2019, 2:00:33 PM, ::1, Mozilla/5.0 (Windows NT 10.0; Win64; x64) AppleWebKit/537.36 (KHTML, like Gecko) Chrome/72.0.3626.121 Safari/537.36] === Table 'docere.users' doesn't exist with query SELECT * FROM users  WHERE  login_id='' and uact='2'  
[1551774633, Tue, March 5, 2019, 2:00:33 PM, ::1, Mozilla/5.0 (Windows NT 10.0; Win64; x64) AppleWebKit/537.36 (KHTML, like Gecko) Chrome/72.0.3626.121 Safari/537.36] === Table 'docere.users' doesn't exist with query SELECT * FROM users  WHERE  login_id=''  
[1551774631, Tue, March 5, 2019, 2:00:31 PM, ::1, Mozilla/5.0 (Windows NT 10.0; Win64; x64) AppleWebKit/537.36 (KHTML, like Gecko) Chrome/72.0.3626.121 Safari/537.36] === Table 'docere.users' doesn't exist with query SELECT * FROM users  WHERE  login_id='' and uact='0'  
[1551774631, Tue, March 5, 2019, 2:00:31 PM, ::1, Mozilla/5.0 (Windows NT 10.0; Win64; x64) AppleWebKit/537.36 (KHTML, like Gecko) Chrome/72.0.3626.121 Safari/537.36] === Table 'docere.users' doesn't exist with query SELECT * FROM users  WHERE  login_id='' and uact='2'  
[1551774631, Tue, March 5, 2019, 2:00:31 PM, ::1, Mozilla/5.0 (Windows NT 10.0; Win64; x64) AppleWebKit/537.36 (KHTML, like Gecko) Chrome/72.0.3626.121 Safari/537.36] === Table 'docere.users' doesn't exist with query SELECT * FROM users  WHERE  login_id=''  
[1551774271, Tue, March 5, 2019, 1:54:31 PM, ::1, Mozilla/5.0 (Windows NT 10.0; Win64; x64) AppleWebKit/537.36 (KHTML, like Gecko) Chrome/72.0.3626.121 Safari/537.36] === Table 'docere.users' doesn't exist with query SELECT * FROM users  WHERE  login_id='' and uact='0'  
[1551774271, Tue, March 5, 2019, 1:54:31 PM, ::1, Mozilla/5.0 (Windows NT 10.0; Win64; x64) AppleWebKit/537.36 (KHTML, like Gecko) Chrome/72.0.3626.121 Safari/537.36] === Table 'docere.users' doesn't exist with query SELECT * FROM users  WHERE  login_id='' and uact='2'  
[1551774271, Tue, March 5, 2019, 1:54:31 PM, ::1, Mozilla/5.0 (Windows NT 10.0; Win64; x64) AppleWebKit/537.36 (KHTML, like Gecko) Chrome/72.0.3626.121 Safari/537.36] === Table 'docere.users' doesn't exist with query SELECT * FROM users  WHERE  login_id=''  
[1551774270, Tue, March 5, 2019, 1:54:30 PM, ::1, Mozilla/5.0 (Windows NT 10.0; Win64; x64) AppleWebKit/537.36 (KHTML, like Gecko) Chrome/72.0.3626.121 Safari/537.36] === Table 'docere.users' doesn't exist with query SELECT * FROM users  WHERE  login_id='' and uact='0'  
[1551774270, Tue, March 5, 2019, 1:54:30 PM, ::1, Mozilla/5.0 (Windows NT 10.0; Win64; x64) AppleWebKit/537.36 (KHTML, like Gecko) Chrome/72.0.3626.121 Safari/537.36] === Table 'docere.users' doesn't exist with query SELECT * FROM users  WHERE  login_id='' and uact='2'  
[1551774270, Tue, March 5, 2019, 1:54:30 PM, ::1, Mozilla/5.0 (Windows NT 10.0; Win64; x64) AppleWebKit/537.36 (KHTML, like Gecko) Chrome/72.0.3626.121 Safari/537.36] === Table 'docere.users' doesn't exist with query SELECT * FROM users  WHERE  login_id=''  
[1551774090, Tue, March 5, 2019, 1:51:30 PM, ::1, Mozilla/5.0 (Windows NT 10.0; Win64; x64) AppleWebKit/537.36 (KHTML, like Gecko) Chrome/72.0.3626.121 Safari/537.36] === Table 'docere.users' doesn't exist with query SELECT * FROM users  WHERE  login_id='' and uact='0'  
[1551774090, Tue, March 5, 2019, 1:51:30 PM, ::1, Mozilla/5.0 (Windows NT 10.0; Win64; x64) AppleWebKit/537.36 (KHTML, like Gecko) Chrome/72.0.3626.121 Safari/537.36] === Table 'docere.users' doesn't exist with query SELECT * FROM users  WHERE  login_id='' and uact='2'  
[1551774090, Tue, March 5, 2019, 1:51:30 PM, ::1, Mozilla/5.0 (Windows NT 10.0; Win64; x64) AppleWebKit/537.36 (KHTML, like Gecko) Chrome/72.0.3626.121 Safari/537.36] === Table 'docere.users' doesn't exist with query SELECT * FROM users  WHERE  login_id=''  
[1551774074, Tue, March 5, 2019, 1:51:14 PM, ::1, Mozilla/5.0 (Windows NT 10.0; Win64; x64) AppleWebKit/537.36 (KHTML, like Gecko) Chrome/72.0.3626.121 Safari/537.36] === Table 'docere.users' doesn't exist with query SELECT * FROM users  WHERE  login_id='' and uact='0'  
[1551774074, Tue, March 5, 2019, 1:51:14 PM, ::1, Mozilla/5.0 (Windows NT 10.0; Win64; x64) AppleWebKit/537.36 (KHTML, like Gecko) Chrome/72.0.3626.121 Safari/537.36] === Table 'docere.users' doesn't exist with query SELECT * FROM users  WHERE  login_id='' and uact='2'  
[1551774074, Tue, March 5, 2019, 1:51:14 PM, ::1, Mozilla/5.0 (Windows NT 10.0; Win64; x64) AppleWebKit/537.36 (KHTML, like Gecko) Chrome/72.0.3626.121 Safari/537.36] === Table 'docere.users' doesn't exist with query SELECT * FROM users  WHERE  login_id=''  
[1551774056, Tue, March 5, 2019, 1:50:56 PM, ::1, Mozilla/5.0 (Windows NT 10.0; Win64; x64) AppleWebKit/537.36 (KHTML, like Gecko) Chrome/72.0.3626.121 Safari/537.36] === Table 'docere.users' doesn't exist with query SELECT * FROM users  WHERE  login_id='' and uact='0'  
[1551774056, Tue, March 5, 2019, 1:50:56 PM, ::1, Mozilla/5.0 (Windows NT 10.0; Win64; x64) AppleWebKit/537.36 (KHTML, like Gecko) Chrome/72.0.3626.121 Safari/537.36] === Table 'docere.users' doesn't exist with query SELECT * FROM users  WHERE  login_id='' and uact='2'  
[1551774056, Tue, March 5, 2019, 1:50:56 PM, ::1, Mozilla/5.0 (Windows NT 10.0; Win64; x64) AppleWebKit/537.36 (KHTML, like Gecko) Chrome/72.0.3626.121 Safari/537.36] === Table 'docere.users' doesn't exist with query SELECT * FROM users  WHERE  login_id=''  
[1551774038, Tue, March 5, 2019, 1:50:38 PM, ::1, Mozilla/5.0 (Windows NT 10.0; Win64; x64) AppleWebKit/537.36 (KHTML, like Gecko) Chrome/72.0.3626.121 Safari/537.36] === Table 'docere.users' doesn't exist with query SELECT * FROM users  WHERE  login_id='' and uact='0'  
[1551774038, Tue, March 5, 2019, 1:50:38 PM, ::1, Mozilla/5.0 (Windows NT 10.0; Win64; x64) AppleWebKit/537.36 (KHTML, like Gecko) Chrome/72.0.3626.121 Safari/537.36] === Table 'docere.users' doesn't exist with query SELECT * FROM users  WHERE  login_id='' and uact='2'  
[1551774038, Tue, March 5, 2019, 1:50:38 PM, ::1, Mozilla/5.0 (Windows NT 10.0; Win64; x64) AppleWebKit/537.36 (KHTML, like Gecko) Chrome/72.0.3626.121 Safari/537.36] === Table 'docere.users' doesn't exist with query SELECT * FROM users  WHERE  login_id=''  
[1551773777, Tue, March 5, 2019, 1:46:17 PM, ::1, Mozilla/5.0 (Windows NT 10.0; Win64; x64) AppleWebKit/537.36 (KHTML, like Gecko) Chrome/72.0.3626.121 Safari/537.36] === Table 'docere.users' doesn't exist with query SELECT * FROM users  WHERE  login_id='titto@gmail.com' and uact='0'  
[1551773777, Tue, March 5, 2019, 1:46:17 PM, ::1, Mozilla/5.0 (Windows NT 10.0; Win64; x64) AppleWebKit/537.36 (KHTML, like Gecko) Chrome/72.0.3626.121 Safari/537.36] === Table 'docere.users' doesn't exist with query SELECT * FROM users  WHERE  login_id='titto@gmail.com' and uact='2'  
[1551773777, Tue, March 5, 2019, 1:46:17 PM, ::1, Mozilla/5.0 (Windows NT 10.0; Win64; x64) AppleWebKit/537.36 (KHTML, like Gecko) Chrome/72.0.3626.121 Safari/537.36] === Table 'docere.users' doesn't exist with query SELECT * FROM users  WHERE  login_id='titto@gmail.com'  
[1551773596, Tue, March 5, 2019, 1:43:16 PM, ::1, Mozilla/5.0 (Windows NT 10.0; Win64; x64) AppleWebKit/537.36 (KHTML, like Gecko) Chrome/72.0.3626.121 Safari/537.36] === Table 'docere.users' doesn't exist with query SELECT * FROM users  WHERE  login_id='' and uact='0'  
[1551773596, Tue, March 5, 2019, 1:43:16 PM, ::1, Mozilla/5.0 (Windows NT 10.0; Win64; x64) AppleWebKit/537.36 (KHTML, like Gecko) Chrome/72.0.3626.121 Safari/537.36] === Table 'docere.users' doesn't exist with query SELECT * FROM users  WHERE  login_id='' and uact='2'  
[1551773596, Tue, March 5, 2019, 1:43:16 PM, ::1, Mozilla/5.0 (Windows NT 10.0; Win64; x64) AppleWebKit/537.36 (KHTML, like Gecko) Chrome/72.0.3626.121 Safari/537.36] === Table 'docere.users' doesn't exist with query SELECT * FROM users  WHERE  login_id=''  
[1551773593, Tue, March 5, 2019, 1:43:13 PM, ::1, Mozilla/5.0 (Windows NT 10.0; Win64; x64) AppleWebKit/537.36 (KHTML, like Gecko) Chrome/72.0.3626.121 Safari/537.36] === Table 'docere.users' doesn't exist with query SELECT * FROM users  WHERE  login_id='' and uact='0'  
[1551773593, Tue, March 5, 2019, 1:43:13 PM, ::1, Mozilla/5.0 (Windows NT 10.0; Win64; x64) AppleWebKit/537.36 (KHTML, like Gecko) Chrome/72.0.3626.121 Safari/537.36] === Table 'docere.users' doesn't exist with query SELECT * FROM users  WHERE  login_id='' and uact='2'  
[1551773593, Tue, March 5, 2019, 1:43:13 PM, ::1, Mozilla/5.0 (Windows NT 10.0; Win64; x64) AppleWebKit/537.36 (KHTML, like Gecko) Chrome/72.0.3626.121 Safari/537.36] === Table 'docere.users' doesn't exist with query SELECT * FROM users  WHERE  login_id=''  
[1551773592, Tue, March 5, 2019, 1:43:12 PM, ::1, Mozilla/5.0 (Windows NT 10.0; Win64; x64) AppleWebKit/537.36 (KHTML, like Gecko) Chrome/72.0.3626.121 Safari/537.36] === Table 'docere.users' doesn't exist with query SELECT * FROM users  WHERE  login_id='' and uact='0'  
[1551773592, Tue, March 5, 2019, 1:43:12 PM, ::1, Mozilla/5.0 (Windows NT 10.0; Win64; x64) AppleWebKit/537.36 (KHTML, like Gecko) Chrome/72.0.3626.121 Safari/537.36] === Table 'docere.users' doesn't exist with query SELECT * FROM users  WHERE  login_id='' and uact='2'  
[1551773592, Tue, March 5, 2019, 1:43:12 PM, ::1, Mozilla/5.0 (Windows NT 10.0; Win64; x64) AppleWebKit/537.36 (KHTML, like Gecko) Chrome/72.0.3626.121 Safari/537.36] === Table 'docere.users' doesn't exist with query SELECT * FROM users  WHERE  login_id=''  
[1551773592, Tue, March 5, 2019, 1:43:12 PM, ::1, Mozilla/5.0 (Windows NT 10.0; Win64; x64) AppleWebKit/537.36 (KHTML, like Gecko) Chrome/72.0.3626.121 Safari/537.36] === Table 'docere.users' doesn't exist with query SELECT * FROM users  WHERE  login_id='' and uact='0'  
[1551773592, Tue, March 5, 2019, 1:43:12 PM, ::1, Mozilla/5.0 (Windows NT 10.0; Win64; x64) AppleWebKit/537.36 (KHTML, like Gecko) Chrome/72.0.3626.121 Safari/537.36] === Table 'docere.users' doesn't exist with query SELECT * FROM users  WHERE  login_id='' and uact='2'  
[1551773592, Tue, March 5, 2019, 1:43:12 PM, ::1, Mozilla/5.0 (Windows NT 10.0; Win64; x64) AppleWebKit/537.36 (KHTML, like Gecko) Chrome/72.0.3626.121 Safari/537.36] === Table 'docere.users' doesn't exist with query SELECT * FROM users  WHERE  login_id=''  
